????????
*** Warning (spaacis/src:UNITS_NOT_EQUAL)
    save units not equal to the restored units
????????
????????
*** Warning (spaacis/src:UNITS_NOT_EQUAL)
    save units not equal to the restored units
????????
????????
*** Warning (spaacis/src:FACE_ALREADY_IN_SHELL)
    An attempt was made to place a FACE in a new SHELL before removing it from its existing SHELL
????????
????????
*** Warning (spaacis/src:FACE_ALREADY_IN_SHELL)
    An attempt was made to place a FACE in a new SHELL before removing it from its existing SHELL
????????
????????
*** Warning (spaacis/src:FACE_ALREADY_IN_SHELL)
    An attempt was made to place a FACE in a new SHELL before removing it from its existing SHELL
????????
????????
*** Warning (spaacis/src:FACE_ALREADY_IN_SHELL)
    An attempt was made to place a FACE in a new SHELL before removing it from its existing SHELL
????????
????????
*** Warning (spaacis/src:FACE_ALREADY_IN_SHELL)
    An attempt was made to place a FACE in a new SHELL before removing it from its existing SHELL
????????
????????
*** Warning (spaacis/src:FACE_ALREADY_IN_SHELL)
    An attempt was made to place a FACE in a new SHELL before removing it from its existing SHELL
????????
????????
*** Warning (spaacis/src:FACE_ALREADY_IN_SHELL)
    An attempt was made to place a FACE in a new SHELL before removing it from its existing SHELL
????????
????????
*** Warning (spaacis/src:FACE_ALREADY_IN_SHELL)
    An attempt was made to place a FACE in a new SHELL before removing it from its existing SHELL
????????
????????
*** Warning (spaacis/src:FACE_ALREADY_IN_SHELL)
    An attempt was made to place a FACE in a new SHELL before removing it from its existing SHELL
????????
????????
*** Warning (spaacis/src:FACE_ALREADY_IN_SHELL)
    An attempt was made to place a FACE in a new SHELL before removing it from its existing SHELL
????????
????????
*** Warning (spaacis/src:FACE_ALREADY_IN_SHELL)
    An attempt was made to place a FACE in a new SHELL before removing it from its existing SHELL
????????
????????
*** Warning (spaacis/src:FACE_ALREADY_IN_SHELL)
    An attempt was made to place a FACE in a new SHELL before removing it from its existing SHELL
????????
????????
*** Warning (spaacis/src:FACE_ALREADY_IN_SHELL)
    An attempt was made to place a FACE in a new SHELL before removing it from its existing SHELL
????????
????????
*** Warning (spaacis/src:FACE_ALREADY_IN_SHELL)
    An attempt was made to place a FACE in a new SHELL before removing it from its existing SHELL
????????
????????
*** Warning (spaacis/src:FACE_ALREADY_IN_SHELL)
    An attempt was made to place a FACE in a new SHELL before removing it from its existing SHELL
????????
????????
*** Warning (spaacis/src:FACE_ALREADY_IN_SHELL)
    An attempt was made to place a FACE in a new SHELL before removing it from its existing SHELL
????????
????????
*** Warning (spaacis/src:FACE_ALREADY_IN_SHELL)
    An attempt was made to place a FACE in a new SHELL before removing it from its existing SHELL
????????
????????
*** Warning (spaacis/src:FACE_ALREADY_IN_SHELL)
    An attempt was made to place a FACE in a new SHELL before removing it from its existing SHELL
????????
????????
*** Warning (spaacis/src:FACE_ALREADY_IN_SHELL)
    An attempt was made to place a FACE in a new SHELL before removing it from its existing SHELL
????????
????????
*** Warning (spaacis/src:FACE_ALREADY_IN_SHELL)
    An attempt was made to place a FACE in a new SHELL before removing it from its existing SHELL
????????
????????
*** Warning (spaacis/src:FACE_ALREADY_IN_SHELL)
    An attempt was made to place a FACE in a new SHELL before removing it from its existing SHELL
????????
????????
*** Warning (spaacis/src:FACE_ALREADY_IN_SHELL)
    An attempt was made to place a FACE in a new SHELL before removing it from its existing SHELL
????????
????????
*** Warning (spaacis/src:FACE_ALREADY_IN_SHELL)
    An attempt was made to place a FACE in a new SHELL before removing it from its existing SHELL
????????
